Using pre-set license
Built from '2020.2/release' branch; Version is '2020.2.1f1 (270dd8c3da1c) revision 2559448'; Using compiler version '192528614'; Build Type 'Release'
OS: 'Windows 10  (10.0.0) 64bit' Language: 'en' Physical Memory: 16261 MB
BatchMode: 1, IsHumanControllingUs: 0, StartBugReporterOnCrash: 0, Is64bit: 1, IsPro: 0

 COMMAND LINE ARGUMENTS:
C:\Program Files\Unity\Hub\Editor\2020.2.1f1\Editor\Unity.exe
-adb2
-batchMode
-noUpm
-name
AssetImportWorker0
-projectPath
C:/Users/cmper/OneDrive/Documents/Unity/Castlevania-Remix
-logFile
Logs/AssetImportWorker0.log
-srvPort
50236
Successfully changed project path to: C:/Users/cmper/OneDrive/Documents/Unity/Castlevania-Remix
C:/Users/cmper/OneDrive/Documents/Unity/Castlevania-Remix
Using Asset Import Pipeline V2.
Refreshing native plugins compatible for Editor in 40.20 ms, found 1 plugins.
Preloading 0 native plugins for Editor in 0.00 ms.
Initialize engine version: 2020.2.1f1 (270dd8c3da1c)
[Subsystems] Discovering subsystems at path C:/Program Files/Unity/Hub/Editor/2020.2.1f1/Editor/Data/Resources/UnitySubsystems
[Subsystems] Discovering subsystems at path C:/Users/cmper/OneDrive/Documents/Unity/Castlevania-Remix/Assets
GfxDevice: creating device client; threaded=0
Direct3D:
    Version:  Direct3D 11.0 [level 11.1]
    Renderer: NVIDIA GeForce RTX 2060 (ID=0x1f11)
    Vendor:   
    VRAM:     5980 MB
    Driver:   27.21.14.5763
Initialize mono
Mono path[0] = 'C:/Program Files/Unity/Hub/Editor/2020.2.1f1/Editor/Data/Managed'
Mono path[1] = 'C:/Program Files/Unity/Hub/Editor/2020.2.1f1/Editor/Data/MonoBleedingEdge/lib/mono/unityjit'
Mono config path = 'C:/Program Files/Unity/Hub/Editor/2020.2.1f1/Editor/Data/MonoBleedingEdge/etc'
Using monoOptions --debugger-agent=transport=dt_socket,embedding=1,server=y,suspend=n,address=127.0.0.1:56960
Begin MonoManager ReloadAssembly
Registering precompiled unity dll's ...
Register platform support module: C:/Program Files/Unity/Hub/Editor/2020.2.1f1/Editor/Data/PlaybackEngines/WindowsStandaloneSupport/UnityEditor.WindowsStandalone.Extensions.dll
Registered in 0.001934 seconds.
Native extension for WindowsStandalone target not found
Refreshing native plugins compatible for Editor in 39.10 ms, found 1 plugins.
Preloading 0 native plugins for Editor in 0.00 ms.
Invoked RoslynAnalysisRunner static constructor.
RoslynAnalysisRunner will not be running.
RoslynAnalysisRunner has terminated.
Mono: successfully reloaded assembly
- Completed reload, in  1.110 seconds
Platform modules already initialized, skipping
Registering precompiled user dll's ...
Registered in 0.001206 seconds.
Begin MonoManager ReloadAssembly
Native extension for WindowsStandalone target not found
Refreshing native plugins compatible for Editor in 32.40 ms, found 1 plugins.
Preloading 0 native plugins for Editor in 0.00 ms.
Invoked RoslynAnalysisRunner static constructor.
RoslynAnalysisRunner will not be running.
RoslynAnalysisRunner has terminated.
Mono: successfully reloaded assembly
- Completed reload, in  0.858 seconds
Platform modules already initialized, skipping
========================================================================
Worker process is ready to serve import requests
Launched and connected shader compiler UnityShaderCompiler.exe after 0.05 seconds
Refreshing native plugins compatible for Editor in 0.31 ms, found 1 plugins.
Preloading 0 native plugins for Editor in 0.00 ms.
Unloading 1805 Unused Serialized files (Serialized files now loaded: 0)
System memory in use before: 84.2 MB.
System memory in use after: 84.3 MB.

Unloading 19 unused Assets to reduce memory usage. Loaded Objects now: 2251.
Total: 1.894300 ms (FindLiveObjects: 0.145100 ms CreateObjectMapping: 0.056500 ms MarkObjects: 1.645600 ms  DeleteObjects: 0.046200 ms)

========================================================================
Received Import Request.
  path: Assets/tester.prefab
  artifactKey: Guid(5a45b8e76758a774ea6d294022de09c3) Importer(815301076,1909f56bfc062723c751e8b465ee728b)
Start importing Assets/tester.prefab using Guid(5a45b8e76758a774ea6d294022de09c3) Importer(815301076,1909f56bfc062723c751e8b465ee728b)  -> (artifact id: '58256aeac3945ba6f7d63426614771fe') in 0.098296 seconds
  Import took 0.101351 seconds .

========================================================================
Received Import Request.
  Time since last request: 22.716857 seconds.
  path: Assets/Prefabs
  artifactKey: Guid(2985e67fbacda8e489d153a8ad18101e) Importer(815301076,1909f56bfc062723c751e8b465ee728b)
Start importing Assets/Prefabs using Guid(2985e67fbacda8e489d153a8ad18101e) Importer(815301076,1909f56bfc062723c751e8b465ee728b)  -> (artifact id: 'f67320924e316e30afeff1022c78572e') in 0.006177 seconds
  Import took 0.008992 seconds .

========================================================================
Received Import Request.
  Time since last request: 0.043689 seconds.
  path: Assets/Prefabs/Axe.prefab
  artifactKey: Guid(c6437ba55f61f054f9d9c240074d4d1a) Importer(815301076,1909f56bfc062723c751e8b465ee728b)
Start importing Assets/Prefabs/Axe.prefab using Guid(c6437ba55f61f054f9d9c240074d4d1a) Importer(815301076,1909f56bfc062723c751e8b465ee728b)  -> (artifact id: '52c29b0ae9550831a8747f05d3f92e02') in 0.017733 seconds
  Import took 0.020420 seconds .

========================================================================
Received Import Request.
  Time since last request: 0.000281 seconds.
  path: Assets/Prefabs/Kill Particle.prefab
  artifactKey: Guid(f4d1c40201de87245aeddb59c2130ea8) Importer(815301076,1909f56bfc062723c751e8b465ee728b)
Start importing Assets/Prefabs/Kill Particle.prefab using Guid(f4d1c40201de87245aeddb59c2130ea8) Importer(815301076,1909f56bfc062723c751e8b465ee728b)  -> (artifact id: 'fe5f14cf1ad939b2d656efc63a9f8f70') in 0.011515 seconds
  Import took 0.014047 seconds .

========================================================================
Received Import Request.
  Time since last request: 0.000321 seconds.
  path: Assets/Prefabs/player 1.prefab
  artifactKey: Guid(692b684da0393124caffdf11fb6c989b) Importer(815301076,1909f56bfc062723c751e8b465ee728b)
Start importing Assets/Prefabs/player 1.prefab using Guid(692b684da0393124caffdf11fb6c989b) Importer(815301076,1909f56bfc062723c751e8b465ee728b)  -> (artifact id: 'b31c12e20a3215d5ba113024fdb679f9') in 0.049247 seconds
  Import took 0.052683 seconds .

========================================================================
Received Import Request.
  Time since last request: 0.000209 seconds.
  path: Assets/Prefabs/flyingEnemy.prefab
  artifactKey: Guid(7b7474b4a073c9e42b4ec1123e42d8a8) Importer(815301076,1909f56bfc062723c751e8b465ee728b)
Start importing Assets/Prefabs/flyingEnemy.prefab using Guid(7b7474b4a073c9e42b4ec1123e42d8a8) Importer(815301076,1909f56bfc062723c751e8b465ee728b)  -> (artifact id: 'd85b503a69271aed47e9535dacee7060') in 0.020220 seconds
  Import took 0.022787 seconds .

========================================================================
Received Import Request.
  Time since last request: 0.000280 seconds.
  path: Assets/Prefabs/secret.prefab
  artifactKey: Guid(1622af8ea9d418c43b2a0afe40990fe7) Importer(815301076,1909f56bfc062723c751e8b465ee728b)
Start importing Assets/Prefabs/secret.prefab using Guid(1622af8ea9d418c43b2a0afe40990fe7) Importer(815301076,1909f56bfc062723c751e8b465ee728b)  -> (artifact id: '0994de54645e5b60f299ffc63bc315cd') in 0.026739 seconds
  Import took 0.029345 seconds .

========================================================================
Received Import Request.
  Time since last request: 0.000302 seconds.
  path: Assets/Prefabs/stairsTrigger.prefab
  artifactKey: Guid(ef51d0575f9c6394a806b80b462efb93) Importer(815301076,1909f56bfc062723c751e8b465ee728b)
Start importing Assets/Prefabs/stairsTrigger.prefab using Guid(ef51d0575f9c6394a806b80b462efb93) Importer(815301076,1909f56bfc062723c751e8b465ee728b)  -> (artifact id: 'f6db27bc542790e2e96b695a4ecd0ce3') in 0.013745 seconds
  Import took 0.016234 seconds .

========================================================================
Received Import Request.
  Time since last request: 0.000338 seconds.
  path: Assets/Prefabs/Fire.prefab
  artifactKey: Guid(ca395f72955a7ec4cbb2fef340a6f535) Importer(815301076,1909f56bfc062723c751e8b465ee728b)
Start importing Assets/Prefabs/Fire.prefab using Guid(ca395f72955a7ec4cbb2fef340a6f535) Importer(815301076,1909f56bfc062723c751e8b465ee728b)  -> (artifact id: '9eb46645a254583026786ecbbdf326c2') in 0.023540 seconds
  Import took 0.026109 seconds .

========================================================================
Received Import Request.
  Time since last request: 0.000311 seconds.
  path: Assets/Prefabs/Cross.prefab
  artifactKey: Guid(498ae1e0fd2de524994802624d584ffc) Importer(815301076,1909f56bfc062723c751e8b465ee728b)
Start importing Assets/Prefabs/Cross.prefab using Guid(498ae1e0fd2de524994802624d584ffc) Importer(815301076,1909f56bfc062723c751e8b465ee728b)  -> (artifact id: '714529b91c6b18c14214f1e48d9bfd67') in 0.017115 seconds
  Import took 0.019766 seconds .

========================================================================
Received Import Request.
  Time since last request: 0.000252 seconds.
  path: Assets/Prefabs/holyWater.prefab
  artifactKey: Guid(ac2fe0dddc8f9e94cbb627cc6d002aa7) Importer(815301076,1909f56bfc062723c751e8b465ee728b)
Start importing Assets/Prefabs/holyWater.prefab using Guid(ac2fe0dddc8f9e94cbb627cc6d002aa7) Importer(815301076,1909f56bfc062723c751e8b465ee728b)  -> (artifact id: 'ac0b9b577526e0f43595493afe3989be') in 0.016100 seconds
  Import took 0.018725 seconds .

========================================================================
Received Import Request.
  Time since last request: 0.000288 seconds.
  path: Assets/Prefabs/groundEnemy.prefab
  artifactKey: Guid(4c7b41ac8edf6424ebbe36497071db76) Importer(815301076,1909f56bfc062723c751e8b465ee728b)
Start importing Assets/Prefabs/groundEnemy.prefab using Guid(4c7b41ac8edf6424ebbe36497071db76) Importer(815301076,1909f56bfc062723c751e8b465ee728b)  -> (artifact id: '01ea40743ef982be2bded4d0e9f882ab') in 0.020172 seconds
  Import took 0.022799 seconds .

========================================================================
Received Import Request.
  Time since last request: 0.000240 seconds.
  path: Assets/Prefabs/Dagger.prefab
  artifactKey: Guid(9ee4c894d10bff148ad22d23f410b5f5) Importer(815301076,1909f56bfc062723c751e8b465ee728b)
Start importing Assets/Prefabs/Dagger.prefab using Guid(9ee4c894d10bff148ad22d23f410b5f5) Importer(815301076,1909f56bfc062723c751e8b465ee728b)  -> (artifact id: '55ff2bdeb34486ef8020d99f82e9ce4a') in 0.023359 seconds
  Import took 0.026016 seconds .

========================================================================
Received Import Request.
  Time since last request: 0.000243 seconds.
  path: Assets/Prefabs/player.prefab
  artifactKey: Guid(fc0fc025522dafa4784f32fc75dbfbde) Importer(815301076,1909f56bfc062723c751e8b465ee728b)
Start importing Assets/Prefabs/player.prefab using Guid(fc0fc025522dafa4784f32fc75dbfbde) Importer(815301076,1909f56bfc062723c751e8b465ee728b)  -> (artifact id: 'ab8a0dda2b84c6b37ecfad8a48f85f8e') in 0.024593 seconds
  Import took 0.027133 seconds .

========================================================================
Received Import Request.
  Time since last request: 0.000234 seconds.
  path: Assets/Prefabs/Heart.prefab
  artifactKey: Guid(d28d83cba90c1cb47a475cba1587acd4) Importer(815301076,1909f56bfc062723c751e8b465ee728b)
Start importing Assets/Prefabs/Heart.prefab using Guid(d28d83cba90c1cb47a475cba1587acd4) Importer(815301076,1909f56bfc062723c751e8b465ee728b)  -> (artifact id: '5e1230d620d58b0486942a82cc9fe59d') in 0.016174 seconds
  Import took 0.018970 seconds .

========================================================================
Received Import Request.
  Time since last request: 0.003254 seconds.
  path: Assets/Prefabs/Heart.prefab
  artifactKey: Guid(d28d83cba90c1cb47a475cba1587acd4) Importer(815301076,1909f56bfc062723c751e8b465ee728b)
Start importing Assets/Prefabs/Heart.prefab using Guid(d28d83cba90c1cb47a475cba1587acd4) Importer(815301076,1909f56bfc062723c751e8b465ee728b)  -> (artifact id: '5e1230d620d58b0486942a82cc9fe59d') in 0.009504 seconds
  Import took 0.012575 seconds .

========================================================================
Received Prepare
Registering precompiled user dll's ...
Registered in 0.002030 seconds.
Begin MonoManager ReloadAssembly
Native extension for WindowsStandalone target not found
Refreshing native plugins compatible for Editor in 0.34 ms, found 1 plugins.
Preloading 0 native plugins for Editor in 0.00 ms.
Invoked RoslynAnalysisRunner static constructor.
RoslynAnalysisRunner will not be running.
RoslynAnalysisRunner has terminated.
Mono: successfully reloaded assembly
- Completed reload, in  1.275 seconds
Platform modules already initialized, skipping
Refreshing native plugins compatible for Editor in 0.77 ms, found 1 plugins.
Preloading 0 native plugins for Editor in 0.00 ms.
Unloading 1795 Unused Serialized files (Serialized files now loaded: 0)
System memory in use before: 87.1 MB.
System memory in use after: 87.2 MB.

Unloading 13 unused Assets to reduce memory usage. Loaded Objects now: 2261.
Total: 2.810300 ms (FindLiveObjects: 0.264200 ms CreateObjectMapping: 0.113600 ms MarkObjects: 2.337400 ms  DeleteObjects: 0.093300 ms)

========================================================================
Received Prepare
Registering precompiled user dll's ...
Registered in 0.001370 seconds.
Begin MonoManager ReloadAssembly
Native extension for WindowsStandalone target not found
Refreshing native plugins compatible for Editor in 0.33 ms, found 1 plugins.
Preloading 0 native plugins for Editor in 0.00 ms.
Invoked RoslynAnalysisRunner static constructor.
RoslynAnalysisRunner will not be running.
RoslynAnalysisRunner has terminated.
Mono: successfully reloaded assembly
- Completed reload, in  0.845 seconds
Platform modules already initialized, skipping
Refreshing native plugins compatible for Editor in 0.37 ms, found 1 plugins.
Preloading 0 native plugins for Editor in 0.00 ms.
Unloading 1795 Unused Serialized files (Serialized files now loaded: 0)
System memory in use before: 87.2 MB.
System memory in use after: 87.3 MB.

Unloading 7 unused Assets to reduce memory usage. Loaded Objects now: 2264.
Total: 2.440800 ms (FindLiveObjects: 0.169800 ms CreateObjectMapping: 0.064000 ms MarkObjects: 2.189900 ms  DeleteObjects: 0.015700 ms)

========================================================================
Received Prepare
Registering precompiled user dll's ...
Registered in 0.001230 seconds.
Begin MonoManager ReloadAssembly
Native extension for WindowsStandalone target not found
Refreshing native plugins compatible for Editor in 0.34 ms, found 1 plugins.
Preloading 0 native plugins for Editor in 0.00 ms.
Invoked RoslynAnalysisRunner static constructor.
RoslynAnalysisRunner will not be running.
RoslynAnalysisRunner has terminated.
Mono: successfully reloaded assembly
- Completed reload, in  0.768 seconds
Platform modules already initialized, skipping
Refreshing native plugins compatible for Editor in 0.34 ms, found 1 plugins.
Preloading 0 native plugins for Editor in 0.00 ms.
Unloading 1795 Unused Serialized files (Serialized files now loaded: 0)
System memory in use before: 87.4 MB.
System memory in use after: 87.5 MB.

Unloading 7 unused Assets to reduce memory usage. Loaded Objects now: 2267.
Total: 1.708400 ms (FindLiveObjects: 0.155700 ms CreateObjectMapping: 0.055100 ms MarkObjects: 1.484500 ms  DeleteObjects: 0.012400 ms)

========================================================================
Received Prepare
Registering precompiled user dll's ...
Registered in 0.001320 seconds.
Begin MonoManager ReloadAssembly
Native extension for WindowsStandalone target not found
Refreshing native plugins compatible for Editor in 0.29 ms, found 1 plugins.
Preloading 0 native plugins for Editor in 0.00 ms.
Invoked RoslynAnalysisRunner static constructor.
RoslynAnalysisRunner will not be running.
RoslynAnalysisRunner has terminated.
Mono: successfully reloaded assembly
- Completed reload, in  0.748 seconds
Platform modules already initialized, skipping
Refreshing native plugins compatible for Editor in 0.46 ms, found 1 plugins.
Preloading 0 native plugins for Editor in 0.00 ms.
Unloading 1795 Unused Serialized files (Serialized files now loaded: 0)
System memory in use before: 87.5 MB.
System memory in use after: 87.6 MB.

Unloading 7 unused Assets to reduce memory usage. Loaded Objects now: 2270.
Total: 1.673100 ms (FindLiveObjects: 0.157500 ms CreateObjectMapping: 0.058300 ms MarkObjects: 1.443200 ms  DeleteObjects: 0.013300 ms)

========================================================================
Received Prepare
Registering precompiled user dll's ...
Registered in 0.033770 seconds.
Begin MonoManager ReloadAssembly
Native extension for WindowsStandalone target not found
Refreshing native plugins compatible for Editor in 0.32 ms, found 1 plugins.
Preloading 0 native plugins for Editor in 0.00 ms.
Invoked RoslynAnalysisRunner static constructor.
RoslynAnalysisRunner will not be running.
RoslynAnalysisRunner has terminated.
Mono: successfully reloaded assembly
- Completed reload, in  3.852 seconds
Platform modules already initialized, skipping
Refreshing native plugins compatible for Editor in 0.43 ms, found 1 plugins.
Preloading 0 native plugins for Editor in 0.00 ms.
Unloading 1795 Unused Serialized files (Serialized files now loaded: 0)
System memory in use before: 87.6 MB.
System memory in use after: 87.7 MB.

Unloading 7 unused Assets to reduce memory usage. Loaded Objects now: 2273.
Total: 1.876700 ms (FindLiveObjects: 0.302000 ms CreateObjectMapping: 0.061900 ms MarkObjects: 1.499100 ms  DeleteObjects: 0.012800 ms)

========================================================================
Received Import Request.
  Time since last request: 408.066495 seconds.
  path: Assets/Prefabs/player.prefab
  artifactKey: Guid(fc0fc025522dafa4784f32fc75dbfbde) Importer(815301076,1909f56bfc062723c751e8b465ee728b)
Start importing Assets/Prefabs/player.prefab using Guid(fc0fc025522dafa4784f32fc75dbfbde) Importer(815301076,1909f56bfc062723c751e8b465ee728b)  -> (artifact id: '101bc2679c8a3ef7b3bbafa0fef878d2') in 0.065890 seconds
  Import took 0.068882 seconds .

========================================================================
Received Import Request.
  Time since last request: 50.387283 seconds.
  path: Assets/Prefabs/player 1.prefab
  artifactKey: Guid(692b684da0393124caffdf11fb6c989b) Importer(815301076,1909f56bfc062723c751e8b465ee728b)
Start importing Assets/Prefabs/player 1.prefab using Guid(692b684da0393124caffdf11fb6c989b) Importer(815301076,1909f56bfc062723c751e8b465ee728b)  -> (artifact id: '329e2502fbadeae1dbae180888982f1a') in 0.049781 seconds
  Import took 0.054440 seconds .

========================================================================
Received Import Request.
  Time since last request: 3.576619 seconds.
  path: Assets/Prefabs/player 1.prefab
  artifactKey: Guid(692b684da0393124caffdf11fb6c989b) Importer(815301076,1909f56bfc062723c751e8b465ee728b)
Start importing Assets/Prefabs/player 1.prefab using Guid(692b684da0393124caffdf11fb6c989b) Importer(815301076,1909f56bfc062723c751e8b465ee728b)  -> (artifact id: 'f2cbaac9a7453d0fe9caf277916dcbff') in 0.045309 seconds
  Import took 0.049104 seconds .

========================================================================
Received Import Request.
  Time since last request: 6.431789 seconds.
  path: Assets/Sprites/Plsyer Sprites/Upstairs Walking.png
  artifactKey: Guid(fcae3447fc144534daf2a35a04cac01c) Importer(815301076,1909f56bfc062723c751e8b465ee728b)
Start importing Assets/Sprites/Plsyer Sprites/Upstairs Walking.png using Guid(fcae3447fc144534daf2a35a04cac01c) Importer(815301076,1909f56bfc062723c751e8b465ee728b)  -> (artifact id: '14db1e1bf60e0814a2fc6149604253ae') in 0.104217 seconds
  Import took 0.107207 seconds .

========================================================================
Received Import Request.
  Time since last request: 0.000271 seconds.
  path: Assets/Sprites/Walking sprites.png
  artifactKey: Guid(2a23408c9b24d0541bb1b7d7324c5201) Importer(815301076,1909f56bfc062723c751e8b465ee728b)
Start importing Assets/Sprites/Walking sprites.png using Guid(2a23408c9b24d0541bb1b7d7324c5201) Importer(815301076,1909f56bfc062723c751e8b465ee728b)  -> (artifact id: 'd5f3aef7183a5bf8bff27ff183aacace') in 0.030687 seconds
  Import took 0.033770 seconds .

========================================================================
Received Import Request.
  Time since last request: 0.000200 seconds.
  path: Assets/Sprites/Plsyer Sprites/Walking sprites.png
  artifactKey: Guid(14bfb12aa2595134597362ee3e2c2cce) Importer(815301076,1909f56bfc062723c751e8b465ee728b)
Start importing Assets/Sprites/Plsyer Sprites/Walking sprites.png using Guid(14bfb12aa2595134597362ee3e2c2cce) Importer(815301076,1909f56bfc062723c751e8b465ee728b)  -> (artifact id: '29c588696b4cd6d56819a9c86612f956') in 0.035990 seconds
  Import took 0.038765 seconds .

========================================================================
Received Import Request.
  Time since last request: 0.000283 seconds.
  path: Assets/Sprites/Walking sprites.png
  artifactKey: Guid(2a23408c9b24d0541bb1b7d7324c5201) Importer(815301076,1909f56bfc062723c751e8b465ee728b)
Start importing Assets/Sprites/Walking sprites.png using Guid(2a23408c9b24d0541bb1b7d7324c5201) Importer(815301076,1909f56bfc062723c751e8b465ee728b)  -> (artifact id: 'd5f3aef7183a5bf8bff27ff183aacace') in 0.024312 seconds
  Import took 0.027271 seconds .

========================================================================
Received Import Request.
  Time since last request: 0.000307 seconds.
  path: Assets/Sprites/Plsyer Sprites/Walking sprites.png
  artifactKey: Guid(14bfb12aa2595134597362ee3e2c2cce) Importer(815301076,1909f56bfc062723c751e8b465ee728b)
Start importing Assets/Sprites/Plsyer Sprites/Walking sprites.png using Guid(14bfb12aa2595134597362ee3e2c2cce) Importer(815301076,1909f56bfc062723c751e8b465ee728b)  -> (artifact id: '29c588696b4cd6d56819a9c86612f956') in 0.048525 seconds
  Import took 0.051472 seconds .

========================================================================
Received Import Request.
  Time since last request: 4.022427 seconds.
  path: Assets/Sprites/UCFlogo2.png
  artifactKey: Guid(c46fba3aa4c63b74d9d00530dad87a04) Importer(815301076,1909f56bfc062723c751e8b465ee728b)
Start importing Assets/Sprites/UCFlogo2.png using Guid(c46fba3aa4c63b74d9d00530dad87a04) Importer(815301076,1909f56bfc062723c751e8b465ee728b)  -> (artifact id: 'b0d510b61b29dd781dab16a48e5d0236') in 0.028296 seconds
  Import took 0.032047 seconds .

========================================================================
Received Import Request.
  Time since last request: 0.000233 seconds.
  path: Assets/Sprites/Upstairs Walking.png
  artifactKey: Guid(25aa570df7e1a16428ab4ce270d17095) Importer(815301076,1909f56bfc062723c751e8b465ee728b)
Start importing Assets/Sprites/Upstairs Walking.png using Guid(25aa570df7e1a16428ab4ce270d17095) Importer(815301076,1909f56bfc062723c751e8b465ee728b)  -> (artifact id: 'd9ecadff5c2a93d0bd7d35ca076247f5') in 0.032815 seconds
  Import took 0.036754 seconds .

========================================================================
Received Import Request.
  Time since last request: 0.241607 seconds.
  path: Assets/Sprites/Tiles.png
  artifactKey: Guid(25c140e8e6262e64490329a8f70cc7fd) Importer(815301076,1909f56bfc062723c751e8b465ee728b)
Start importing Assets/Sprites/Tiles.png using Guid(25c140e8e6262e64490329a8f70cc7fd) Importer(815301076,1909f56bfc062723c751e8b465ee728b)  -> (artifact id: 'ce0cbc2ffd26feba4ee6a870d335de1b') in 0.122780 seconds
  Import took 0.126349 seconds .

========================================================================
Received Import Request.
  Time since last request: 0.000321 seconds.
  path: Assets/Sprites/UCFlogo1.png
  artifactKey: Guid(dfd664da6a055b14ba34d96974e3db33) Importer(815301076,1909f56bfc062723c751e8b465ee728b)
Start importing Assets/Sprites/UCFlogo1.png using Guid(dfd664da6a055b14ba34d96974e3db33) Importer(815301076,1909f56bfc062723c751e8b465ee728b)  -> (artifact id: 'b663e24d7fe1c02f6e60bdcc8dbb794b') in 0.029094 seconds
  Import took 0.032341 seconds .

========================================================================
Received Import Request.
  Time since last request: 10.542470 seconds.
  path: Assets/Sprites/Subweapons and lamp 1.png
  artifactKey: Guid(c81690d0751135e4f94e97c98e3c5185) Importer(815301076,1909f56bfc062723c751e8b465ee728b)
Start importing Assets/Sprites/Subweapons and lamp 1.png using Guid(c81690d0751135e4f94e97c98e3c5185) Importer(815301076,1909f56bfc062723c751e8b465ee728b)  -> (artifact id: '01d07f80f3db40760bf8a600c439bee6') in 0.042342 seconds
  Import took 0.045363 seconds .

========================================================================
Received Import Request.
  Time since last request: 1.066809 seconds.
  path: Assets/Sprites/Plsyer Sprites/SubWeapon throwing sprites.png
  artifactKey: Guid(23b585857125bf341a8cf29df1e01151) Importer(815301076,1909f56bfc062723c751e8b465ee728b)
Start importing Assets/Sprites/Plsyer Sprites/SubWeapon throwing sprites.png using Guid(23b585857125bf341a8cf29df1e01151) Importer(815301076,1909f56bfc062723c751e8b465ee728b)  -> (artifact id: 'e8094bb168fed966226683c861bbd505') in 0.060490 seconds
  Import took 0.063904 seconds .

========================================================================
Received Import Request.
  Time since last request: 5.452358 seconds.
  path: Assets/Sprites/Staircase.png
  artifactKey: Guid(ffafc752812b62449882c37b4abfe7ca) Importer(815301076,1909f56bfc062723c751e8b465ee728b)
Start importing Assets/Sprites/Staircase.png using Guid(ffafc752812b62449882c37b4abfe7ca) Importer(815301076,1909f56bfc062723c751e8b465ee728b)  -> (artifact id: 'fe81c59584d88227851fce5e78b55fdc') in 0.078919 seconds
  Import took 0.081913 seconds .

========================================================================
Received Import Request.
  Time since last request: 0.002388 seconds.
  path: Assets/Sprites/Staircase.png
  artifactKey: Guid(ffafc752812b62449882c37b4abfe7ca) Importer(815301076,1909f56bfc062723c751e8b465ee728b)
Start importing Assets/Sprites/Staircase.png using Guid(ffafc752812b62449882c37b4abfe7ca) Importer(815301076,1909f56bfc062723c751e8b465ee728b)  -> (artifact id: 'fe81c59584d88227851fce5e78b55fdc') in 0.089760 seconds
  Import took 0.092549 seconds .

========================================================================
Received Import Request.
  Time since last request: 0.791481 seconds.
  path: Assets/Sprites/Particle Sprites.png
  artifactKey: Guid(f6990e559fbaed64f8e56f8f4b818b56) Importer(815301076,1909f56bfc062723c751e8b465ee728b)
Start importing Assets/Sprites/Particle Sprites.png using Guid(f6990e559fbaed64f8e56f8f4b818b56) Importer(815301076,1909f56bfc062723c751e8b465ee728b)  -> (artifact id: '7003243c056c03dd905eb96129a6d90f') in 0.031994 seconds
  Import took 0.034845 seconds .

========================================================================
Received Import Request.
  Time since last request: 0.029897 seconds.
  path: Assets/Sprites/Plsyer Sprites/Idle Attack 3.png
  artifactKey: Guid(5d0fa3c35ea67df478efb0768d867962) Importer(815301076,1909f56bfc062723c751e8b465ee728b)
Start importing Assets/Sprites/Plsyer Sprites/Idle Attack 3.png using Guid(5d0fa3c35ea67df478efb0768d867962) Importer(815301076,1909f56bfc062723c751e8b465ee728b)  -> (artifact id: '7a9e60df0ad7b11990d2903abc39d4ac') in 0.028945 seconds
  Import took 0.032186 seconds .

========================================================================
Received Import Request.
  Time since last request: 0.031034 seconds.
  path: Assets/Sprites/Plsyer Sprites/Hurt Death sprites.png
  artifactKey: Guid(31bb292e21e1d0b41971adbaaa66cdab) Importer(815301076,1909f56bfc062723c751e8b465ee728b)
Start importing Assets/Sprites/Plsyer Sprites/Hurt Death sprites.png using Guid(31bb292e21e1d0b41971adbaaa66cdab) Importer(815301076,1909f56bfc062723c751e8b465ee728b)  -> (artifact id: '6a4a87a696a5dcbf0272e94a3a2522ff') in 0.032816 seconds
  Import took 0.035853 seconds .

========================================================================
Received Import Request.
  Time since last request: 0.286156 seconds.
  path: Assets/Sprites/Fire Animation.png
  artifactKey: Guid(119519e67f916bc48948e43441ef2c39) Importer(815301076,1909f56bfc062723c751e8b465ee728b)
Start importing Assets/Sprites/Fire Animation.png using Guid(119519e67f916bc48948e43441ef2c39) Importer(815301076,1909f56bfc062723c751e8b465ee728b)  -> (artifact id: '3bab7052b7ef0134a67a8aa7e9c48052') in 0.046068 seconds
  Import took 0.049033 seconds .

========================================================================
Received Import Request.
  Time since last request: 0.000307 seconds.
  path: Assets/Sprites/Hurt Death sprites.png
  artifactKey: Guid(43f1921d81cf83a4c8201e4fc74a5ec3) Importer(815301076,1909f56bfc062723c751e8b465ee728b)
Start importing Assets/Sprites/Hurt Death sprites.png using Guid(43f1921d81cf83a4c8201e4fc74a5ec3) Importer(815301076,1909f56bfc062723c751e8b465ee728b)  -> (artifact id: '774ec5d3c128bee5423c37a5cec87eed') in 0.020800 seconds
  Import took 0.023304 seconds .

========================================================================
Received Import Request.
  Time since last request: 0.000289 seconds.
  path: Assets/Sprites/Fire Animation.png
  artifactKey: Guid(119519e67f916bc48948e43441ef2c39) Importer(815301076,1909f56bfc062723c751e8b465ee728b)
Start importing Assets/Sprites/Fire Animation.png using Guid(119519e67f916bc48948e43441ef2c39) Importer(815301076,1909f56bfc062723c751e8b465ee728b)  -> (artifact id: '3bab7052b7ef0134a67a8aa7e9c48052') in 0.031440 seconds
  Import took 0.034495 seconds .

========================================================================
Received Import Request.
  Time since last request: 0.000336 seconds.
  path: Assets/Sprites/Hurt Death sprites.png
  artifactKey: Guid(43f1921d81cf83a4c8201e4fc74a5ec3) Importer(815301076,1909f56bfc062723c751e8b465ee728b)
Start importing Assets/Sprites/Hurt Death sprites.png using Guid(43f1921d81cf83a4c8201e4fc74a5ec3) Importer(815301076,1909f56bfc062723c751e8b465ee728b)  -> (artifact id: '774ec5d3c128bee5423c37a5cec87eed') in 0.013006 seconds
  Import took 0.015909 seconds .

========================================================================
Received Import Request.
  Time since last request: 5.629180 seconds.
  path: Assets/Sprites/Plsyer Sprites/Downstairs walking.png
  artifactKey: Guid(b09d9b8f589cd7c498200fc7c19213f2) Importer(815301076,1909f56bfc062723c751e8b465ee728b)
Start importing Assets/Sprites/Plsyer Sprites/Downstairs walking.png using Guid(b09d9b8f589cd7c498200fc7c19213f2) Importer(815301076,1909f56bfc062723c751e8b465ee728b)  -> (artifact id: '129a659e02a4c8d8c7985295d7f1afe0') in 0.032459 seconds
  Import took 0.035419 seconds .

========================================================================
Received Import Request.
  Time since last request: 0.203336 seconds.
  path: Assets/Sprites/Downstairs walking.png
  artifactKey: Guid(a56ba18846179964890b2ba8319f5b02) Importer(815301076,1909f56bfc062723c751e8b465ee728b)
Start importing Assets/Sprites/Downstairs walking.png using Guid(a56ba18846179964890b2ba8319f5b02) Importer(815301076,1909f56bfc062723c751e8b465ee728b)  -> (artifact id: '81b3dc245dfa139f6b0ca8b1940124f7') in 0.035398 seconds
  Import took 0.038533 seconds .

========================================================================
Received Import Request.
  Time since last request: 0.743872 seconds.
  path: Assets/Sprites/Plsyer Sprites/crouchjump.png
  artifactKey: Guid(8e4c1de2239714147b2056a6e724322c) Importer(815301076,1909f56bfc062723c751e8b465ee728b)
Start importing Assets/Sprites/Plsyer Sprites/crouchjump.png using Guid(8e4c1de2239714147b2056a6e724322c) Importer(815301076,1909f56bfc062723c751e8b465ee728b)  -> (artifact id: '272d7181cd02afb9214f116f71cafce5') in 0.023627 seconds
  Import took 0.026365 seconds .

========================================================================
Received Import Request.
  Time since last request: 0.047349 seconds.
  path: Assets/Sprites/Plsyer Sprites/Attacking sprites.png
  artifactKey: Guid(11c1ac00da1dec542be27ea5e37fcdb7) Importer(815301076,1909f56bfc062723c751e8b465ee728b)
Start importing Assets/Sprites/Plsyer Sprites/Attacking sprites.png using Guid(11c1ac00da1dec542be27ea5e37fcdb7) Importer(815301076,1909f56bfc062723c751e8b465ee728b)  -> (artifact id: '35d6351bb09e6e434f1c79dbe995d919') in 0.132642 seconds
  Import took 0.135666 seconds .

========================================================================
Received Import Request.
  Time since last request: 0.000293 seconds.
  path: Assets/Sprites/crouchjump.png
  artifactKey: Guid(43f811d10dc3376428921f1eb252e270) Importer(815301076,1909f56bfc062723c751e8b465ee728b)
Start importing Assets/Sprites/crouchjump.png using Guid(43f811d10dc3376428921f1eb252e270) Importer(815301076,1909f56bfc062723c751e8b465ee728b)  -> (artifact id: 'cdef00787f76e43137cfe1ea8f70ffa5') in 0.023239 seconds
  Import took 0.025854 seconds .

========================================================================
Received Import Request.
  Time since last request: 17.142005 seconds.
  path: Assets/Sprites/Attacking sprites.png
  artifactKey: Guid(4bbdb5e4823d625488ebaa4648146268) Importer(815301076,1909f56bfc062723c751e8b465ee728b)
Start importing Assets/Sprites/Attacking sprites.png using Guid(4bbdb5e4823d625488ebaa4648146268) Importer(815301076,1909f56bfc062723c751e8b465ee728b)  -> (artifact id: 'b556323e3498131f397efe8cb5a4ca9c') in 0.022557 seconds
  Import took 0.025877 seconds .

========================================================================
Received Import Request.
  Time since last request: 48.196547 seconds.
  path: Assets/Prefabs/player.prefab
  artifactKey: Guid(fc0fc025522dafa4784f32fc75dbfbde) Importer(815301076,1909f56bfc062723c751e8b465ee728b)
Start importing Assets/Prefabs/player.prefab using Guid(fc0fc025522dafa4784f32fc75dbfbde) Importer(815301076,1909f56bfc062723c751e8b465ee728b)  -> (artifact id: 'a7cf98d5f8794fd608b7bead921c7bdf') in 0.012386 seconds
  Import took 0.015448 seconds .

========================================================================
Received Import Request.
  Time since last request: 3.445746 seconds.
  path: Assets/Prefabs/player.prefab
  artifactKey: Guid(fc0fc025522dafa4784f32fc75dbfbde) Importer(815301076,1909f56bfc062723c751e8b465ee728b)
Start importing Assets/Prefabs/player.prefab using Guid(fc0fc025522dafa4784f32fc75dbfbde) Importer(815301076,1909f56bfc062723c751e8b465ee728b)  -> (artifact id: 'f07fde6ae813d713edf8240db3558ae5') in 0.049994 seconds
  Import took 0.054017 seconds .

========================================================================
Received Prepare
Registering precompiled user dll's ...
Registered in 0.001154 seconds.
Begin MonoManager ReloadAssembly
Native extension for WindowsStandalone target not found
Refreshing native plugins compatible for Editor in 0.33 ms, found 1 plugins.
Preloading 0 native plugins for Editor in 0.00 ms.
Invoked RoslynAnalysisRunner static constructor.
RoslynAnalysisRunner will not be running.
RoslynAnalysisRunner has terminated.
Mono: successfully reloaded assembly
- Completed reload, in  0.843 seconds
Platform modules already initialized, skipping
Refreshing native plugins compatible for Editor in 0.36 ms, found 1 plugins.
Preloading 0 native plugins for Editor in 0.00 ms.
Unloading 1795 Unused Serialized files (Serialized files now loaded: 0)
System memory in use before: 88.0 MB.
System memory in use after: 88.2 MB.

Unloading 9 unused Assets to reduce memory usage. Loaded Objects now: 2362.
Total: 1.778200 ms (FindLiveObjects: 0.191500 ms CreateObjectMapping: 0.059300 ms MarkObjects: 1.476100 ms  DeleteObjects: 0.050300 ms)

========================================================================
Received Prepare
Registering precompiled user dll's ...
Registered in 0.001220 seconds.
Begin MonoManager ReloadAssembly
Native extension for WindowsStandalone target not found
Refreshing native plugins compatible for Editor in 0.32 ms, found 1 plugins.
Preloading 0 native plugins for Editor in 0.00 ms.
Invoked RoslynAnalysisRunner static constructor.
RoslynAnalysisRunner will not be running.
RoslynAnalysisRunner has terminated.
Mono: successfully reloaded assembly
- Completed reload, in  0.726 seconds
Platform modules already initialized, skipping
Refreshing native plugins compatible for Editor in 0.34 ms, found 1 plugins.
Preloading 0 native plugins for Editor in 0.00 ms.
Unloading 1795 Unused Serialized files (Serialized files now loaded: 0)
System memory in use before: 88.2 MB.
System memory in use after: 88.3 MB.

Unloading 7 unused Assets to reduce memory usage. Loaded Objects now: 2365.
Total: 1.893400 ms (FindLiveObjects: 0.183000 ms CreateObjectMapping: 0.064900 ms MarkObjects: 1.632600 ms  DeleteObjects: 0.011900 ms)

========================================================================
Received Import Request.
  Time since last request: 177.217075 seconds.
  path: Assets/Scripts
  artifactKey: Guid(2fc58acedea6a2446863291dd5d90842) Importer(815301076,1909f56bfc062723c751e8b465ee728b)
Start importing Assets/Scripts using Guid(2fc58acedea6a2446863291dd5d90842) Importer(815301076,1909f56bfc062723c751e8b465ee728b)  -> (artifact id: '91c27462229e523964d3a2eb8e16fdaf') in 0.011980 seconds
  Import took 0.015231 seconds .

========================================================================
Received Import Request.
  Time since last request: 0.435783 seconds.
  path: Assets/Sprites
  artifactKey: Guid(19384a68599856b46b96ec6239faa473) Importer(815301076,1909f56bfc062723c751e8b465ee728b)
Start importing Assets/Sprites using Guid(19384a68599856b46b96ec6239faa473) Importer(815301076,1909f56bfc062723c751e8b465ee728b)  -> (artifact id: '38f64b6ad2222d51b34253e7f659ba3b') in 0.007255 seconds
  Import took 0.010045 seconds .

========================================================================
Received Import Request.
  Time since last request: 3.724278 seconds.
  path: Assets/Sprites/Plsyer Sprites
  artifactKey: Guid(7b2bf15ef5b6aba4382087eace9b03f9) Importer(815301076,1909f56bfc062723c751e8b465ee728b)
Start importing Assets/Sprites/Plsyer Sprites using Guid(7b2bf15ef5b6aba4382087eace9b03f9) Importer(815301076,1909f56bfc062723c751e8b465ee728b)  -> (artifact id: '0bd04c74e055f8df1a2efe01b405e047') in 0.007901 seconds
  Import took 0.011273 seconds .

========================================================================
Received Import Request.
  Time since last request: 4.059754 seconds.
  path: Assets/Sprites/Player Sprites
  artifactKey: Guid(ca81c214b02054b4187eb08db07fd967) Importer(815301076,1909f56bfc062723c751e8b465ee728b)
Start importing Assets/Sprites/Player Sprites using Guid(ca81c214b02054b4187eb08db07fd967) Importer(815301076,1909f56bfc062723c751e8b465ee728b)  -> (artifact id: 'be6ad2f518628016619741ea15268212') in 0.008814 seconds
  Import took 0.012027 seconds .

========================================================================
Received Prepare
Registering precompiled user dll's ...
Registered in 0.001307 seconds.
Begin MonoManager ReloadAssembly
Native extension for WindowsStandalone target not found
Refreshing native plugins compatible for Editor in 0.33 ms, found 1 plugins.
Preloading 0 native plugins for Editor in 0.00 ms.
Invoked RoslynAnalysisRunner static constructor.
RoslynAnalysisRunner will not be running.
RoslynAnalysisRunner has terminated.
Mono: successfully reloaded assembly
- Completed reload, in  0.727 seconds
Platform modules already initialized, skipping
Refreshing native plugins compatible for Editor in 0.34 ms, found 1 plugins.
Preloading 0 native plugins for Editor in 0.00 ms.
Unloading 1795 Unused Serialized files (Serialized files now loaded: 0)
System memory in use before: 88.3 MB.
System memory in use after: 88.4 MB.

Unloading 7 unused Assets to reduce memory usage. Loaded Objects now: 2368.
Total: 2.035200 ms (FindLiveObjects: 0.198800 ms CreateObjectMapping: 0.060300 ms MarkObjects: 1.762300 ms  DeleteObjects: 0.013000 ms)

========================================================================
Received Import Request.
  Time since last request: 33.379712 seconds.
  path: Assets/Sprites/Player Sprites
  artifactKey: Guid(7b2bf15ef5b6aba4382087eace9b03f9) Importer(815301076,1909f56bfc062723c751e8b465ee728b)
Start importing Assets/Sprites/Player Sprites using Guid(7b2bf15ef5b6aba4382087eace9b03f9) Importer(815301076,1909f56bfc062723c751e8b465ee728b)  -> (artifact id: 'ec476d3b3f576d3ed2443597d4ce2da6') in 0.006317 seconds
  Import took 0.009224 seconds .

========================================================================
Received Import Request.
  Time since last request: 58.349620 seconds.
  path: Assets/Sprites/Player Sprites/Walking sprites.png
  artifactKey: Guid(14bfb12aa2595134597362ee3e2c2cce) Importer(815301076,1909f56bfc062723c751e8b465ee728b)
Start importing Assets/Sprites/Player Sprites/Walking sprites.png using Guid(14bfb12aa2595134597362ee3e2c2cce) Importer(815301076,1909f56bfc062723c751e8b465ee728b)  -> (artifact id: 'b995ee0a1dca0486b156d62bde9b2b71') in 0.055258 seconds
  Import took 0.060171 seconds .

========================================================================
Received Import Request.
  Time since last request: 18.013271 seconds.
  path: Assets/Sprites/Player Sprites/Upstairs Walking.png
  artifactKey: Guid(fcae3447fc144534daf2a35a04cac01c) Importer(815301076,1909f56bfc062723c751e8b465ee728b)
Start importing Assets/Sprites/Player Sprites/Upstairs Walking.png using Guid(fcae3447fc144534daf2a35a04cac01c) Importer(815301076,1909f56bfc062723c751e8b465ee728b)  -> (artifact id: 'e8e9e47c39591e94e26bcd7d7a9983be') in 0.022541 seconds
  Import took 0.025718 seconds .

========================================================================
Received Import Request.
  Time since last request: 157.182591 seconds.
  path: Assets/Sprites/Player Sprites/SubWeapon throwing sprites.png
  artifactKey: Guid(23b585857125bf341a8cf29df1e01151) Importer(815301076,1909f56bfc062723c751e8b465ee728b)
Start importing Assets/Sprites/Player Sprites/SubWeapon throwing sprites.png using Guid(23b585857125bf341a8cf29df1e01151) Importer(815301076,1909f56bfc062723c751e8b465ee728b)  -> (artifact id: 'dd9c64929e63466fd8fbdecce5351082') in 0.064215 seconds
  Import took 0.067777 seconds .

========================================================================
Received Import Request.
  Time since last request: 45.884052 seconds.
  path: Assets/Sprites/Player Sprites/Idle Attack 3.png
  artifactKey: Guid(5d0fa3c35ea67df478efb0768d867962) Importer(815301076,1909f56bfc062723c751e8b465ee728b)
Start importing Assets/Sprites/Player Sprites/Idle Attack 3.png using Guid(5d0fa3c35ea67df478efb0768d867962) Importer(815301076,1909f56bfc062723c751e8b465ee728b)  -> (artifact id: '8abf98dc03a7f6de9cf1c74a3fa60fcd') in 0.020743 seconds
  Import took 0.023805 seconds .

========================================================================
Received Import Request.
  Time since last request: 94.353649 seconds.
  path: Assets/Sprites/Player Sprites/crouchjump.png
  artifactKey: Guid(8e4c1de2239714147b2056a6e724322c) Importer(815301076,1909f56bfc062723c751e8b465ee728b)
Start importing Assets/Sprites/Player Sprites/crouchjump.png using Guid(8e4c1de2239714147b2056a6e724322c) Importer(815301076,1909f56bfc062723c751e8b465ee728b)  -> (artifact id: 'a382abbc0821b06b97b6fd03a804da50') in 0.034727 seconds
  Import took 0.037478 seconds .

========================================================================
Received Prepare
Registering precompiled user dll's ...
Registered in 0.001231 seconds.
Begin MonoManager ReloadAssembly
Native extension for WindowsStandalone target not found
Refreshing native plugins compatible for Editor in 0.36 ms, found 1 plugins.
Preloading 0 native plugins for Editor in 0.00 ms.
Invoked RoslynAnalysisRunner static constructor.
RoslynAnalysisRunner will not be running.
RoslynAnalysisRunner has terminated.
Mono: successfully reloaded assembly
- Completed reload, in  0.876 seconds
Platform modules already initialized, skipping
Refreshing native plugins compatible for Editor in 0.34 ms, found 1 plugins.
Preloading 0 native plugins for Editor in 0.00 ms.
Unloading 1795 Unused Serialized files (Serialized files now loaded: 0)
System memory in use before: 88.3 MB.
System memory in use after: 88.4 MB.

Unloading 7 unused Assets to reduce memory usage. Loaded Objects now: 2372.
Total: 1.934400 ms (FindLiveObjects: 0.186200 ms CreateObjectMapping: 0.069000 ms MarkObjects: 1.662400 ms  DeleteObjects: 0.015500 ms)

========================================================================
Received Prepare
Registering precompiled user dll's ...
Registered in 0.001139 seconds.
Begin MonoManager ReloadAssembly
Native extension for WindowsStandalone target not found
Refreshing native plugins compatible for Editor in 0.32 ms, found 1 plugins.
Preloading 0 native plugins for Editor in 0.00 ms.
Invoked RoslynAnalysisRunner static constructor.
RoslynAnalysisRunner will not be running.
RoslynAnalysisRunner has terminated.
Mono: successfully reloaded assembly
- Completed reload, in  0.738 seconds
Platform modules already initialized, skipping
Refreshing native plugins compatible for Editor in 0.32 ms, found 1 plugins.
Preloading 0 native plugins for Editor in 0.00 ms.
Unloading 1795 Unused Serialized files (Serialized files now loaded: 0)
System memory in use before: 88.5 MB.
System memory in use after: 88.6 MB.

Unloading 7 unused Assets to reduce memory usage. Loaded Objects now: 2375.
Total: 1.875300 ms (FindLiveObjects: 0.202700 ms CreateObjectMapping: 0.078500 ms MarkObjects: 1.578800 ms  DeleteObjects: 0.014400 ms)

AssetImportWorkerClient::OnTransportError - code=2 error=End of file
